2025-10-08 20:21:09 | INFO | ➡️  Request started: POST http://localhost:8000/api/auth/user/login
2025-10-08 20:21:10 | INFO | ✅ Request completed: POST /api/auth/user/login Status: 200 | Time: 59.83ms
2025-10-08 20:21:13 | INFO | ➡️  Request started: POST http://localhost:8000/api/auth/user/login
2025-10-08 20:21:13 | INFO | ✅ Request completed: POST /api/auth/user/login Status: 200 | Time: 38.79ms
2025-10-08 20:22:36 | INFO | ➡️  Request started: POST http://localhost:8000/api/auth/user/login
2025-10-08 20:22:36 | INFO | ✅ Request completed: POST /api/auth/user/login Status: 200 | Time: 43.43ms
2025-10-08 20:22:38 | INFO | ➡️  Request started: POST http://localhost:8000/api/auth/user/login
2025-10-08 20:22:38 | INFO | ✅ Request completed: POST /api/auth/user/login Status: 200 | Time: 36.87ms
2025-10-08 15:28:36 | INFO | ➡️  Request started: POST http://localhost:8010/api/auth/user/login
2025-10-08 15:28:36 | INFO | ✅ Request completed: POST /api/auth/user/login Status: 200 | Time: 75.54ms
2025-10-08 15:28:41 | INFO | ➡️  Request started: POST http://localhost:8010/api/auth/user/login
2025-10-08 15:28:41 | INFO | ✅ Request completed: POST /api/auth/user/login Status: 200 | Time: 43.34ms
2025-10-09 09:14:24 | INFO | ➡️  Request started: GET http://localhost:8010/
2025-10-09 09:14:24 | INFO | ✅ Request completed: GET / Status: 404 | Time: 1.30ms
2025-10-09 09:14:24 | INFO | ➡️  Request started: GET http://localhost:8010/favicon.ico
2025-10-09 09:14:24 | INFO | ✅ Request completed: GET /favicon.ico Status: 404 | Time: 1.44ms
2025-10-10 00:32:00 | INFO | ➡️  Request started: POST http://localhost:8000/api/auth/user/forget-password/request-otp/
2025-10-10 00:32:00 | INFO | ✅ Request completed: POST /api/auth/user/forget-password/request-otp/ Status: 307 | Time: 1.37ms
2025-10-10 00:32:00 | INFO | ➡️  Request started: POST http://localhost:8000/api/auth/user/forget-password/request-otp
2025-10-10 00:32:00 | INFO | ✅ Request completed: POST /api/auth/user/forget-password/request-otp Status: 404 | Time: 12.92ms
2025-10-10 00:32:07 | INFO | ➡️  Request started: POST http://localhost:8000/api/auth/user/register_as_client
2025-10-10 00:32:07 | INFO | ✅ Request completed: POST /api/auth/user/register_as_client Status: 201 | Time: 100.12ms
2025-10-10 00:32:16 | INFO | ➡️  Request started: POST http://localhost:8000/api/auth/user/forget-password/request-otp/
2025-10-10 00:32:16 | INFO | ✅ Request completed: POST /api/auth/user/forget-password/request-otp/ Status: 307 | Time: 1.15ms
2025-10-10 00:32:16 | INFO | ➡️  Request started: POST http://localhost:8000/api/auth/user/forget-password/request-otp
2025-10-10 00:33:16 | INFO | ➡️  Request started: POST http://localhost:8000/api/auth/user/forget-password/request-otp/
2025-10-10 00:33:16 | INFO | ✅ Request completed: POST /api/auth/user/forget-password/request-otp/ Status: 307 | Time: 1.41ms
2025-10-10 00:33:16 | INFO | ➡️  Request started: POST http://localhost:8000/api/auth/user/forget-password/request-otp
2025-10-10 00:33:16 | INFO | 🚀 Starting email publish process | event=user_otp_request
2025-10-10 00:33:16 | INFO | connection established
2025-10-10 00:33:16 | DEBUG | 📦 Prepared publisher payload: {"event": "user_otp_request", "data": {"user_email": "developer.hsyn@gmail.com", "user_fullname": "Developer Hussain", "otp_reason": "Reset Password", "otp_expiry_time": "5 minutes", "new_otp_request_time": "2 hours", "otp_request_at": "10-Oct-2025 12:33 AM", "otp": "377441"}}
2025-10-10 00:33:16 | INFO | Message sent successfully
2025-10-10 00:33:16 | INFO | connection closed
2025-10-10 00:38:26 | INFO | ➡️  Request started: POST http://localhost:8000/api/auth/user/forget-password/request-otp/
2025-10-10 00:38:26 | INFO | ✅ Request completed: POST /api/auth/user/forget-password/request-otp/ Status: 307 | Time: 1.76ms
2025-10-10 00:38:26 | INFO | ➡️  Request started: POST http://localhost:8000/api/auth/user/forget-password/request-otp
2025-10-10 00:38:26 | INFO | 🚀 Starting email publish process | event=user_otp_request
2025-10-10 00:38:26 | INFO | connection established
2025-10-10 00:38:26 | DEBUG | 📦 Prepared publisher payload: {"event": "user_otp_request", "data": {"user_email": "developer.hsyn@gmail.com", "user_fullname": "Developer Hussain", "otp_reason": "Reset Password", "otp_expiry_time": "5 minutes", "new_otp_request_time": "2 hours", "otp_request_at": "10-Oct-2025 12:38 AM", "otp": "969409"}}
2025-10-10 00:38:26 | INFO | Message sent successfully
2025-10-10 00:38:26 | INFO | connection closed
2025-10-10 00:38:26 | SUCCESS | ✅ Email publish successful | event=user_otp_request
2025-10-10 00:38:26 | INFO | ✅ Request completed: POST /api/auth/user/forget-password/request-otp Status: 200 | Time: 86.88ms
